<?xml version="1.0" encoding="UTF-8"?>
<testng-results ignored="0" total="1" passed="1" failed="0" skipped="0">
  <reporter-output>
  </reporter-output>
  <suite started-at="2020-01-26T21:12:22Z" name="Surefire suite" finished-at="2020-01-26T21:12:32Z" duration-ms="9875">
    <groups>
    </groups>
    <test started-at="2020-01-26T21:12:22Z" name="Surefire test" finished-at="2020-01-26T21:12:32Z" duration-ms="9875">
      <class name="rs.htec.apps.sandbox_qa.PositiveLoginTest">
        <test-method signature="loginTest()[pri:0, instance:rs.htec.apps.sandbox_qa.PositiveLoginTest@a74868d]" started-at="2020-01-26T21:12:22Z" name="loginTest" finished-at="2020-01-26T21:12:32Z" duration-ms="9801" status="PASS">
          <reporter-output>
          </reporter-output>
        </test-method> <!-- loginTest -->
      </class> <!-- rs.htec.apps.sandbox_qa.PositiveLoginTest -->
    </test> <!-- Surefire test -->
  </suite> <!-- Surefire suite -->
</testng-results>
